<?xml version="1.0" encoding="UTF-8"?>
<testng-results ignored="0" total="2" passed="2" failed="0" skipped="0">
  <reporter-output>
  </reporter-output>
  <suite started-at="2022-09-20T21:11:59 IST" name="Default suite" finished-at="2022-09-20T21:12:05 IST" duration-ms="5382">
    <groups>
    </groups>
    <test started-at="2022-09-20T21:11:59 IST" name="Default test" finished-at="2022-09-20T21:12:05 IST" duration-ms="5382">
      <class name="samplePKG.myFirstRestAssuredClass">
        <test-method signature="getResponseBody()[pri:0, instance:samplePKG.myFirstRestAssuredClass@c333c60]" started-at="2022-09-20T21:11:59 IST" name="getResponseBody" finished-at="2022-09-20T21:12:03 IST" duration-ms="3777" status="PASS">
          <reporter-output>
          </reporter-output>
        </test-method> <!-- getResponseBody -->
        <test-method signature="getResponseStatus()[pri:0, instance:samplePKG.myFirstRestAssuredClass@c333c60]" started-at="2022-09-20T21:12:03 IST" name="getResponseStatus" finished-at="2022-09-20T21:12:05 IST" duration-ms="1553" status="PASS">
          <reporter-output>
          </reporter-output>
        </test-method> <!-- getResponseStatus -->
      </class> <!-- samplePKG.myFirstRestAssuredClass -->
    </test> <!-- Default test -->
  </suite> <!-- Default suite -->
</testng-results>
